TN:
SF:src/auth/auth.service.ts
FN:9,(anonymous_2)
FN:14,(anonymous_3)
FN:34,(anonymous_4)
FNF:3
FNH:3
FNDA:7,(anonymous_2)
FNDA:4,(anonymous_3)
FNDA:6,(anonymous_4)
DA:1,1
DA:2,1
DA:3,1
DA:4,1
DA:8,1
DA:10,7
DA:11,7
DA:15,4
DA:16,4
DA:17,2
DA:20,2
DA:21,2
DA:27,2
DA:35,6
DA:36,6
DA:37,2
DA:40,4
DA:41,4
DA:42,2
DA:45,2
DA:51,2
LF:21
LH:21
BRDA:16,0,0,2
BRDA:36,1,0,2
BRDA:41,2,0,2
BRF:3
BRH:3
end_of_record
TN:
SF:src\equipos\equipos.service.ts
FN:9,(anonymous_4)
FN:13,(anonymous_5)
FN:29,(anonymous_6)
FN:41,(anonymous_7)
FN:54,(anonymous_8)
FN:57,(anonymous_9)
FN:69,(anonymous_10)
FN:82,(anonymous_11)
FN:98,(anonymous_12)
FN:110,(anonymous_13)
FN:126,(anonymous_14)
FN:136,(anonymous_15)
FN:145,(anonymous_16)
FN:155,(anonymous_17)
FN:159,(anonymous_18)
FNF:15
FNH:8
FNDA:11,(anonymous_4)
FNDA:0,(anonymous_5)
FNDA:14,(anonymous_6)
FNDA:18,(anonymous_7)
FNDA:0,(anonymous_8)
FNDA:0,(anonymous_9)
FNDA:14,(anonymous_10)
FNDA:0,(anonymous_11)
FNDA:0,(anonymous_12)
FNDA:0,(anonymous_13)
FNDA:0,(anonymous_14)
FNDA:10,(anonymous_15)
FNDA:8,(anonymous_16)
FNDA:8,(anonymous_17)
FNDA:12,(anonymous_18)
DA:1,2
DA:2,2
DA:3,2
DA:4,2
DA:8,2
DA:10,11
DA:14,0
DA:15,0
DA:18,0
DA:19,0
DA:22,0
DA:23,0
DA:26,0
DA:30,14
DA:31,0
DA:34,14
DA:35,0
DA:38,14
DA:42,18
DA:44,18
DA:45,4
DA:46,0
DA:48,4
DA:51,14
DA:55,0
DA:56,0
DA:58,0
DA:59,0
DA:61,0
DA:62,0
DA:64,0
DA:65,0
DA:70,14
DA:72,14
DA:73,5
DA:83,0
DA:94,0
DA:99,0
DA:101,0
DA:102,0
DA:105,0
DA:106,0
DA:111,0
DA:113,0
DA:114,0
DA:117,0
DA:119,0
DA:127,0
DA:132,0
DA:137,10
DA:139,8
DA:140,0
DA:143,8
DA:145,8
DA:146,5
DA:147,2
DA:150,3
DA:151,3
DA:156,8
DA:157,6
DA:159,12
DA:160,4
LF:62
LH:29
BRDA:14,0,0,0
BRDA:18,1,0,0
BRDA:22,2,0,0
BRDA:30,3,0,0
BRDA:34,4,0,0
BRDA:34,5,0,14
BRDA:34,5,1,0
BRDA:44,6,0,4
BRDA:45,7,0,0
BRDA:45,8,0,4
BRDA:45,8,1,4
BRDA:56,9,0,0
BRDA:56,9,1,0
BRDA:58,10,0,0
BRDA:58,10,1,0
BRDA:61,11,0,0
BRDA:61,11,1,0
BRDA:64,12,0,0
BRDA:64,13,0,0
BRDA:64,13,1,0
BRDA:72,14,0,5
BRDA:74,15,0,3
BRDA:74,15,1,2
BRDA:101,16,0,0
BRDA:113,17,0,0
BRDA:139,18,0,0
BRDA:146,19,0,2
BRF:27
BRH:8
end_of_record
TN:
SF:src\equipos\schemas\equipo.schema.ts
FNF:0
FNH:0
DA:1,3
DA:2,3
DA:5,3
DA:7,3
DA:10,3
DA:13,3
DA:16,3
LF:7
LH:7
BRF:0
BRH:0
end_of_record
TN:
SF:src\listas\schemas\lista.schema.ts
FNF:0
FNH:0
DA:1,1
DA:2,1
DA:5,1
DA:7,1
DA:10,1
DA:13,1
LF:6
LH:6
BRF:0
BRH:0
end_of_record
TN:
SF:src\proyectos\proyectos.service.ts
FN:11,(anonymous_4)
FN:18,(anonymous_5)
FN:26,(anonymous_6)
FN:41,(anonymous_7)
FN:61,(anonymous_8)
FN:73,(anonymous_9)
FN:81,(anonymous_10)
FNF:7
FNH:3
FNDA:7,(anonymous_4)
FNDA:0,(anonymous_5)
FNDA:0,(anonymous_6)
FNDA:0,(anonymous_7)
FNDA:0,(anonymous_8)
FNDA:9,(anonymous_9)
FNDA:10,(anonymous_10)
DA:1,1
DA:2,1
DA:3,1
DA:4,1
DA:5,1
DA:6,1
DA:10,1
DA:12,7
DA:13,7
DA:14,7
DA:19,0
DA:21,0
DA:22,0
DA:25,0
DA:26,0
DA:27,0
DA:29,0
DA:30,0
DA:33,0
DA:38,0
DA:42,0
DA:54,0
DA:55,0
DA:58,0
DA:59,0
DA:60,0
DA:61,0
DA:63,0
DA:65,0
DA:66,0
DA:69,0
DA:74,9
DA:76,9
DA:77,2
DA:80,7
DA:81,10
DA:82,7
DA:84,7
DA:85,2
DA:88,5
DA:92,5
DA:94,5
DA:100,5
DA:102,5
LF:44
LH:23
BRDA:21,0,0,0
BRDA:29,1,0,0
BRDA:29,2,0,0
BRDA:29,2,1,0
BRDA:54,3,0,0
BRDA:65,4,0,0
BRDA:65,5,0,0
BRDA:65,5,1,0
BRDA:76,6,0,2
BRDA:84,7,0,2
BRDA:84,8,0,7
BRDA:84,8,1,2
BRF:12
BRH:4
end_of_record
TN:
SF:src\proyectos\schemas\proyecto.schema.ts
FNF:0
FNH:0
DA:1,1
DA:2,1
DA:5,1
DA:7,1
DA:10,1
DA:13,1
LF:6
LH:6
BRF:0
BRH:0
end_of_record
TN:
SF:src\usuarios\usuarios.service.ts
FN:8,(anonymous_4)
FN:12,(anonymous_5)
FN:17,(anonymous_6)
FN:30,(anonymous_7)
FN:34,(anonymous_8)
FNF:5
FNH:0
FNDA:0,(anonymous_4)
FNDA:0,(anonymous_5)
FNDA:0,(anonymous_6)
FNDA:0,(anonymous_7)
FNDA:0,(anonymous_8)
DA:1,1
DA:2,1
DA:3,1
DA:4,1
DA:7,1
DA:9,0
DA:13,0
DA:14,0
DA:18,0
DA:23,0
DA:24,0
DA:26,0
DA:31,0
DA:35,0
DA:40,0
DA:41,0
DA:43,0
LF:17
LH:5
BRDA:23,0,0,0
BRDA:40,1,0,0
BRF:2
BRH:0
end_of_record
TN:
SF:src\usuarios\schemas\usuario.schema.ts
FNF:0
FNH:0
DA:1,1
DA:7,1
DA:9,1
DA:12,1
DA:15,1
DA:18,1
LF:6
LH:6
BRF:0
BRH:0
end_of_record
